Build started 13/02/2015 14:27:16.
     1>Project "C:\Users\Administrator\Documents\Visual Studio 2010\Projects\MultipleObjectTracking\MultipleObjectTracking\MultipleObjectTracking.vcxproj" on node 2 (build target(s)).
     1>InitializeBuildStatus:
         Touching "Debug\MultipleObjectTracking.unsuccessfulbuild".
       ClCompile:
         C:\Program Files (x86)\Microsoft Visual Studio 10.0\VC\bin\CL.exe /c /ZI /nologo /W3 /WX- /Od /Oy- /D WIN32 /D _DEBUG /D _CONSOLE /D _UNICODE /D UNICODE /Gm /EHsc /RTC1 /MDd /GS /fp:precise /Zc:wchar_t /Zc:forScope /Fo"Debug\\" /Fd"Debug\vc100.pdb" /Gd /TP /analyze- /errorReport:prompt multipleObjectTracking.cpp
         multipleObjectTracking.cpp
     1>c:\opencv2410\build\include\opencv2\flann\logger.h(66): warning C4996: 'fopen': This function or variable may be unsafe. Consider using fopen_s instead. To disable deprecation, use _CRT_SECURE_NO_WARNINGS. See online help for details.
                 c:\program files (x86)\microsoft visual studio 10.0\vc\include\stdio.h(234) : see declaration of 'fopen'
     1>c:\users\administrator\documents\visual studio 2010\projects\multipleobjecttracking\multipleobjecttracking\multipleobjecttracking.cpp(41): warning C4244: 'initializing' : conversion from 'double' to 'const int', possible loss of data
     1>c:\users\administrator\documents\visual studio 2010\projects\multipleobjecttracking\multipleobjecttracking\multipleobjecttracking.cpp(71): warning C4996: 'sprintf': This function or variable may be unsafe. Consider using sprintf_s instead. To disable deprecation, use _CRT_SECURE_NO_WARNINGS. See online help for details.
                 c:\program files (x86)\microsoft visual studio 10.0\vc\include\stdio.h(371) : see declaration of 'sprintf'
     1>c:\users\administrator\documents\visual studio 2010\projects\multipleobjecttracking\multipleobjecttracking\multipleobjecttracking.cpp(72): warning C4996: 'sprintf': This function or variable may be unsafe. Consider using sprintf_s instead. To disable deprecation, use _CRT_SECURE_NO_WARNINGS. See online help for details.
                 c:\program files (x86)\microsoft visual studio 10.0\vc\include\stdio.h(371) : see declaration of 'sprintf'
     1>c:\users\administrator\documents\visual studio 2010\projects\multipleobjecttracking\multipleobjecttracking\multipleobjecttracking.cpp(73): warning C4996: 'sprintf': This function or variable may be unsafe. Consider using sprintf_s instead. To disable deprecation, use _CRT_SECURE_NO_WARNINGS. See online help for details.
                 c:\program files (x86)\microsoft visual studio 10.0\vc\include\stdio.h(371) : see declaration of 'sprintf'
     1>c:\users\administrator\documents\visual studio 2010\projects\multipleobjecttracking\multipleobjecttracking\multipleobjecttracking.cpp(74): warning C4996: 'sprintf': This function or variable may be unsafe. Consider using sprintf_s instead. To disable deprecation, use _CRT_SECURE_NO_WARNINGS. See online help for details.
                 c:\program files (x86)\microsoft visual studio 10.0\vc\include\stdio.h(371) : see declaration of 'sprintf'
     1>c:\users\administrator\documents\visual studio 2010\projects\multipleobjecttracking\multipleobjecttracking\multipleobjecttracking.cpp(75): warning C4996: 'sprintf': This function or variable may be unsafe. Consider using sprintf_s instead. To disable deprecation, use _CRT_SECURE_NO_WARNINGS. See online help for details.
                 c:\program files (x86)\microsoft visual studio 10.0\vc\include\stdio.h(371) : see declaration of 'sprintf'
     1>c:\users\administrator\documents\visual studio 2010\projects\multipleobjecttracking\multipleobjecttracking\multipleobjecttracking.cpp(76): warning C4996: 'sprintf': This function or variable may be unsafe. Consider using sprintf_s instead. To disable deprecation, use _CRT_SECURE_NO_WARNINGS. See online help for details.
                 c:\program files (x86)\microsoft visual studio 10.0\vc\include\stdio.h(371) : see declaration of 'sprintf'
     1>c:\users\administrator\documents\visual studio 2010\projects\multipleobjecttracking\multipleobjecttracking\multipleobjecttracking.cpp(93): warning C4018: '<' : signed/unsigned mismatch
     1>c:\users\administrator\documents\visual studio 2010\projects\multipleobjecttracking\multipleobjecttracking\multipleobjecttracking.cpp(151): warning C4244: 'argument' : conversion from 'double' to 'int', possible loss of data
     1>c:\users\administrator\documents\visual studio 2010\projects\multipleobjecttracking\multipleobjecttracking\multipleobjecttracking.cpp(152): warning C4244: 'argument' : conversion from 'double' to 'int', possible loss of data
       Link:
         C:\Program Files (x86)\Microsoft Visual Studio 10.0\VC\bin\link.exe /ERRORREPORT:PROMPT /OUT:"C:\Users\Administrator\Documents\Visual Studio 2010\Projects\MultipleObjectTracking\Debug\MultipleObjectTracking.exe" /INCREMENTAL:NO /NOLOGO opencv_calib3d2410d.lib opencv_contrib2410d.lib opencv_core2410d.lib opencv_features2d2410d.lib opencv_flann2410d.lib opencv_gpu2410d.lib opencv_highgui2410d.lib opencv_imgproc2410d.lib opencv_legacy2410d.lib opencv_ml2410d.lib opencv_nonfree2410d.lib opencv_objdetect2410d.lib opencv_ocl2410d.lib opencv_photo2410d.lib opencv_stitching2410d.lib opencv_superres2410d.lib opencv_ts2410d.lib opencv_video2410d.lib opencv_videostab2410d.lib kernel32.lib user32.lib gdi32.lib winspool.lib comdlg32.lib advapi32.lib shell32.lib ole32.lib oleaut32.lib uuid.lib odbc32.lib odbccp32.lib /MANIFEST /ManifestFile:"Debug\MultipleObjectTracking.exe.intermediate.manifest" /MANIFESTUAC:"level='asInvoker' uiAccess='false'" /DEBUG /PDB:"C:\Users\Administrator\Documents\Visual Studio 2010\Projects\MultipleObjectTracking\Debug\MultipleObjectTracking.pdb" /SUBSYSTEM:CONSOLE /TLBID:1 /DYNAMICBASE /NXCOMPAT /IMPLIB:"C:\Users\Administrator\Documents\Visual Studio 2010\Projects\MultipleObjectTracking\Debug\MultipleObjectTracking.lib" /MACHINE:X86 Debug\Fruit.obj
         Debug\multipleObjectTracking.obj
     1>Fruit.obj : warning LNK4075: ignoring '/EDITANDCONTINUE' due to '/INCREMENTAL:NO' specification
         MultipleObjectTracking.vcxproj -> C:\Users\Administrator\Documents\Visual Studio 2010\Projects\MultipleObjectTracking\Debug\MultipleObjectTracking.exe
       Manifest:
         C:\Program Files (x86)\Microsoft SDKs\Windows\v7.0A\bin\mt.exe /nologo /verbose /outputresource:"C:\Users\Administrator\Documents\Visual Studio 2010\Projects\MultipleObjectTracking\Debug\MultipleObjectTracking.exe;#1" /manifest Debug\MultipleObjectTracking.exe.intermediate.manifest
       FinalizeBuildStatus:
         Deleting file "Debug\MultipleObjectTracking.unsuccessfulbuild".
         Touching "Debug\MultipleObjectTracking.lastbuildstate".
     1>Done Building Project "C:\Users\Administrator\Documents\Visual Studio 2010\Projects\MultipleObjectTracking\MultipleObjectTracking\MultipleObjectTracking.vcxproj" (build target(s)).

Build succeeded.

Time Elapsed 00:00:03.15
